2024-05-30T12:39:37.330+05:30  INFO 3792 --- [main] m.p.springdotenv.DotenvPropertySource    : Initializing Dotenv with DotenvConfig{directory=null, filename=null, ignoreIfMalformed=false, ignoreIfMissing=true, systemProperties=false, prefix=null}
2024-05-30T12:39:37.341+05:30  INFO 3792 --- [main] com.moviedemo.movies.MoviesApplication   : Starting MoviesApplication using Java 22 with PID 3792 (/Users/harshnagar/Documents/movies springboot/target/classes started by harshnagar in /Users/harshnagar/Documents/movies springboot)
2024-05-30T12:39:37.341+05:30 DEBUG 3792 --- [main] com.moviedemo.movies.MoviesApplication   : Running with Spring Boot v3.3.0, Spring v6.1.8
2024-05-30T12:39:37.342+05:30  INFO 3792 --- [main] com.moviedemo.movies.MoviesApplication   : No active profile set, falling back to 1 default profile: "default"
2024-05-30T12:39:37.628+05:30  INFO 3792 --- [main] .s.d.r.c.RepositoryConfigurationDelegate : Bootstrapping Spring Data MongoDB repositories in DEFAULT mode.
2024-05-30T12:39:37.650+05:30  INFO 3792 --- [main] .s.d.r.c.RepositoryConfigurationDelegate : Finished Spring Data repository scanning in 20 ms. Found 1 MongoDB repository interface.
2024-05-30T12:39:37.876+05:30  INFO 3792 --- [main] o.s.b.w.embedded.tomcat.TomcatWebServer  : Tomcat initialized with port 8080 (http)
2024-05-30T12:39:37.883+05:30  INFO 3792 --- [main] o.apache.catalina.core.StandardService   : Starting service [Tomcat]
2024-05-30T12:39:37.883+05:30  INFO 3792 --- [main] o.apache.catalina.core.StandardEngine    : Starting Servlet engine: [Apache Tomcat/10.1.24]
2024-05-30T12:39:37.909+05:30  INFO 3792 --- [main] o.a.c.c.C.[Tomcat].[localhost].[/]       : Initializing Spring embedded WebApplicationContext
2024-05-30T12:39:37.909+05:30  INFO 3792 --- [main] w.s.c.ServletWebServerApplicationContext : Root WebApplicationContext: initialization completed in 539 ms
2024-05-30T12:39:38.024+05:30  INFO 3792 --- [cluster-ClusterId{value='66582632fc2f076eed6b78ed', description='null'}-srv-cluster0.kt8elr1.mongodb.net] org.mongodb.driver.cluster               : Adding discovered server ac-jdfy7hx-shard-00-00.kt8elr1.mongodb.net:27017 to client view of cluster
2024-05-30T12:39:38.024+05:30  INFO 3792 --- [main] org.mongodb.driver.client                : MongoClient with metadata {"driver": {"name": "mongo-java-driver|sync|spring-boot", "version": "5.0.1"}, "os": {"type": "Darwin", "name": "Mac OS X", "architecture": "aarch64", "version": "14.4.1"}, "platform": "Java/Oracle Corporation/22+36-2370"} created with settings MongoClientSettings{readPreference=primary, writeConcern=WriteConcern{w=null, wTimeout=null ms, journal=null}, retryWrites=true, retryReads=true, readConcern=ReadConcern{level=null}, credential=MongoCredential{mechanism=null, userName='harshnagar3006', source='admin', password=<hidden>, mechanismProperties=<hidden>}, transportSettings=null, commandListeners=[], codecRegistry=ProvidersCodecRegistry{codecProviders=[ValueCodecProvider{}, BsonValueCodecProvider{}, DBRefCodecProvider{}, DBObjectCodecProvider{}, DocumentCodecProvider{}, CollectionCodecProvider{}, IterableCodecProvider{}, MapCodecProvider{}, GeoJsonCodecProvider{}, GridFSFileCodecProvider{}, Jsr310CodecProvider{}, JsonObjectCodecProvider{}, BsonCodecProvider{}, EnumCodecProvider{}, com.mongodb.client.model.mql.ExpressionCodecProvider@22f4f8f2, com.mongodb.Jep395RecordCodecProvider@bbd4791, com.mongodb.KotlinCodecProvider@40a72ecd]}, loggerSettings=LoggerSettings{maxDocumentLength=1000}, clusterSettings={hosts=[127.0.0.1:27017], srvHost=cluster0.kt8elr1.mongodb.net, srvServiceName=mongodb, mode=MULTIPLE, requiredClusterType=REPLICA_SET, requiredReplicaSetName='atlas-svdjxw-shard-0', serverSelector='null', clusterListeners='[]', serverSelectionTimeout='30000 ms', localThreshold='15 ms'}, socketSettings=SocketSettings{connectTimeoutMS=10000, readTimeoutMS=0, receiveBufferSize=0, proxySettings=ProxySettings{host=null, port=null, username=null, password=null}}, heartbeatSocketSettings=SocketSettings{connectTimeoutMS=10000, readTimeoutMS=10000, receiveBufferSize=0, proxySettings=ProxySettings{host=null, port=null, username=null, password=null}}, connectionPoolSettings=ConnectionPoolSettings{maxSize=100, minSize=0, maxWaitTimeMS=120000, maxConnectionLifeTimeMS=0, maxConnectionIdleTimeMS=0, maintenanceInitialDelayMS=0, maintenanceFrequencyMS=60000, connectionPoolListeners=[], maxConnecting=2}, serverSettings=ServerSettings{heartbeatFrequencyMS=10000, minHeartbeatFrequencyMS=500, serverListeners='[]', serverMonitorListeners='[]'}, sslSettings=SslSettings{enabled=true, invalidHostNameAllowed=false, context=null}, applicationName='null', compressorList=[], uuidRepresentation=JAVA_LEGACY, serverApi=null, autoEncryptionSettings=null, dnsClient=null, inetAddressResolver=null, contextProvider=null}
2024-05-30T12:39:38.034+05:30  INFO 3792 --- [cluster-ClusterId{value='66582632fc2f076eed6b78ed', description='null'}-srv-cluster0.kt8elr1.mongodb.net] org.mongodb.driver.cluster               : Adding discovered server ac-jdfy7hx-shard-00-02.kt8elr1.mongodb.net:27017 to client view of cluster
2024-05-30T12:39:38.036+05:30  INFO 3792 --- [cluster-ClusterId{value='66582632fc2f076eed6b78ed', description='null'}-srv-cluster0.kt8elr1.mongodb.net] org.mongodb.driver.cluster               : Adding discovered server ac-jdfy7hx-shard-00-01.kt8elr1.mongodb.net:27017 to client view of cluster
2024-05-30T12:39:38.369+05:30  INFO 3792 --- [cluster-ClusterId{value='66582632fc2f076eed6b78ed', description='null'}-ac-jdfy7hx-shard-00-01.kt8elr1.mongodb.net:27017] org.mongodb.driver.cluster               : Monitor thread successfully connected to server with description ServerDescription{address=ac-jdfy7hx-shard-00-01.kt8elr1.mongodb.net:27017, type=REPLICA_SET_SECONDARY, state=CONNECTED, ok=true, minWireVersion=0, maxWireVersion=21, maxDocumentSize=16777216, logicalSessionTimeoutMinutes=30, roundTripTimeNanos=219939833, setName='atlas-svdjxw-shard-0', canonicalAddress=ac-jdfy7hx-shard-00-01.kt8elr1.mongodb.net:27017, hosts=[ac-jdfy7hx-shard-00-02.kt8elr1.mongodb.net:27017, ac-jdfy7hx-shard-00-01.kt8elr1.mongodb.net:27017, ac-jdfy7hx-shard-00-00.kt8elr1.mongodb.net:27017], passives=[], arbiters=[], primary='ac-jdfy7hx-shard-00-02.kt8elr1.mongodb.net:27017', tagSet=TagSet{[Tag{name='availabilityZone', value='aps1-az3'}, Tag{name='diskState', value='READY'}, Tag{name='nodeType', value='ELECTABLE'}, Tag{name='provider', value='AWS'}, Tag{name='region', value='AP_SOUTH_1'}, Tag{name='workloadType', value='OPERATIONAL'}]}, electionId=null, setVersion=19, topologyVersion=TopologyVersion{processId=66577d05f144297a1cfab45e, counter=3}, lastWriteDate=Thu May 30 12:39:38 IST 2024, lastUpdateTimeNanos=22029259665500}
2024-05-30T12:39:38.369+05:30  INFO 3792 --- [cluster-ClusterId{value='66582632fc2f076eed6b78ed', description='null'}-ac-jdfy7hx-shard-00-02.kt8elr1.mongodb.net:27017] org.mongodb.driver.cluster               : Monitor thread successfully connected to server with description ServerDescription{address=ac-jdfy7hx-shard-00-02.kt8elr1.mongodb.net:27017, type=REPLICA_SET_PRIMARY, state=CONNECTED, ok=true, minWireVersion=0, maxWireVersion=21, maxDocumentSize=16777216, logicalSessionTimeoutMinutes=30, roundTripTimeNanos=216925375, setName='atlas-svdjxw-shard-0', canonicalAddress=ac-jdfy7hx-shard-00-02.kt8elr1.mongodb.net:27017, hosts=[ac-jdfy7hx-shard-00-02.kt8elr1.mongodb.net:27017, ac-jdfy7hx-shard-00-01.kt8elr1.mongodb.net:27017, ac-jdfy7hx-shard-00-00.kt8elr1.mongodb.net:27017], passives=[], arbiters=[], primary='ac-jdfy7hx-shard-00-02.kt8elr1.mongodb.net:27017', tagSet=TagSet{[Tag{name='availabilityZone', value='aps1-az2'}, Tag{name='diskState', value='READY'}, Tag{name='nodeType', value='ELECTABLE'}, Tag{name='provider', value='AWS'}, Tag{name='region', value='AP_SOUTH_1'}, Tag{name='workloadType', value='OPERATIONAL'}]}, electionId=7fffffff0000000000000027, setVersion=19, topologyVersion=TopologyVersion{processId=66577cb2cfca5d2e889a82b2, counter=6}, lastWriteDate=Thu May 30 12:39:38 IST 2024, lastUpdateTimeNanos=22029259665500}
2024-05-30T12:39:38.369+05:30  INFO 3792 --- [cluster-ClusterId{value='66582632fc2f076eed6b78ed', description='null'}-ac-jdfy7hx-shard-00-00.kt8elr1.mongodb.net:27017] org.mongodb.driver.cluster               : Monitor thread successfully connected to server with description ServerDescription{address=ac-jdfy7hx-shard-00-00.kt8elr1.mongodb.net:27017, type=REPLICA_SET_SECONDARY, state=CONNECTED, ok=true, minWireVersion=0, maxWireVersion=21, maxDocumentSize=16777216, logicalSessionTimeoutMinutes=30, roundTripTimeNanos=213781709, setName='atlas-svdjxw-shard-0', canonicalAddress=ac-jdfy7hx-shard-00-00.kt8elr1.mongodb.net:27017, hosts=[ac-jdfy7hx-shard-00-02.kt8elr1.mongodb.net:27017, ac-jdfy7hx-shard-00-01.kt8elr1.mongodb.net:27017, ac-jdfy7hx-shard-00-00.kt8elr1.mongodb.net:27017], passives=[], arbiters=[], primary='ac-jdfy7hx-shard-00-02.kt8elr1.mongodb.net:27017', tagSet=TagSet{[Tag{name='availabilityZone', value='aps1-az1'}, Tag{name='diskState', value='READY'}, Tag{name='nodeType', value='ELECTABLE'}, Tag{name='provider', value='AWS'}, Tag{name='region', value='AP_SOUTH_1'}, Tag{name='workloadType', value='OPERATIONAL'}]}, electionId=null, setVersion=19, topologyVersion=TopologyVersion{processId=66577c5fda056ee24cbf1045, counter=4}, lastWriteDate=Thu May 30 12:39:38 IST 2024, lastUpdateTimeNanos=22029260595708}
2024-05-30T12:39:38.370+05:30  INFO 3792 --- [cluster-ClusterId{value='66582632fc2f076eed6b78ed', description='null'}-ac-jdfy7hx-shard-00-02.kt8elr1.mongodb.net:27017] org.mongodb.driver.cluster               : Discovered replica set primary ac-jdfy7hx-shard-00-02.kt8elr1.mongodb.net:27017 with max election id 7fffffff0000000000000027 and max set version 19
2024-05-30T12:39:41.353+05:30  INFO 3792 --- [main] o.s.b.w.embedded.tomcat.TomcatWebServer  : Tomcat started on port 8080 (http) with context path '/'
2024-05-30T12:39:41.358+05:30  INFO 3792 --- [main] com.moviedemo.movies.MoviesApplication   : Started MoviesApplication in 4.289 seconds (process running for 4.492)
2024-05-30T12:39:43.229+05:30  INFO 3792 --- [http-nio-8080-exec-1] o.a.c.c.C.[Tomcat].[localhost].[/]       : Initializing Spring DispatcherServlet 'dispatcherServlet'
2024-05-30T12:39:43.230+05:30  INFO 3792 --- [http-nio-8080-exec-1] o.s.web.servlet.DispatcherServlet        : Initializing Servlet 'dispatcherServlet'
2024-05-30T12:39:43.231+05:30  INFO 3792 --- [http-nio-8080-exec-1] o.s.web.servlet.DispatcherServlet        : Completed initialization in 1 ms
2024-05-30T12:43:43.120+05:30  INFO 3837 --- [main] m.p.springdotenv.DotenvPropertySource    : Initializing Dotenv with DotenvConfig{directory=null, filename=null, ignoreIfMalformed=false, ignoreIfMissing=true, systemProperties=false, prefix=null}
2024-05-30T12:43:43.132+05:30  INFO 3837 --- [main] com.moviedemo.movies.MoviesApplication   : Starting MoviesApplication using Java 22 with PID 3837 (/Users/harshnagar/Documents/movies springboot/target/classes started by harshnagar in /Users/harshnagar/Documents/movies springboot)
2024-05-30T12:43:43.132+05:30 DEBUG 3837 --- [main] com.moviedemo.movies.MoviesApplication   : Running with Spring Boot v3.3.0, Spring v6.1.8
2024-05-30T12:43:43.133+05:30  INFO 3837 --- [main] com.moviedemo.movies.MoviesApplication   : No active profile set, falling back to 1 default profile: "default"
2024-05-30T12:43:43.431+05:30  INFO 3837 --- [main] .s.d.r.c.RepositoryConfigurationDelegate : Bootstrapping Spring Data MongoDB repositories in DEFAULT mode.
2024-05-30T12:43:43.455+05:30  INFO 3837 --- [main] .s.d.r.c.RepositoryConfigurationDelegate : Finished Spring Data repository scanning in 22 ms. Found 1 MongoDB repository interface.
2024-05-30T12:43:43.682+05:30  INFO 3837 --- [main] o.s.b.w.embedded.tomcat.TomcatWebServer  : Tomcat initialized with port 8080 (http)
2024-05-30T12:43:43.689+05:30  INFO 3837 --- [main] o.apache.catalina.core.StandardService   : Starting service [Tomcat]
2024-05-30T12:43:43.689+05:30  INFO 3837 --- [main] o.apache.catalina.core.StandardEngine    : Starting Servlet engine: [Apache Tomcat/10.1.24]
2024-05-30T12:43:43.711+05:30  INFO 3837 --- [main] o.a.c.c.C.[Tomcat].[localhost].[/]       : Initializing Spring embedded WebApplicationContext
2024-05-30T12:43:43.712+05:30  INFO 3837 --- [main] w.s.c.ServletWebServerApplicationContext : Root WebApplicationContext: initialization completed in 553 ms
2024-05-30T12:43:43.821+05:30  INFO 3837 --- [main] org.mongodb.driver.client                : MongoClient with metadata {"driver": {"name": "mongo-java-driver|sync|spring-boot", "version": "5.0.1"}, "os": {"type": "Darwin", "name": "Mac OS X", "architecture": "aarch64", "version": "14.4.1"}, "platform": "Java/Oracle Corporation/22+36-2370"} created with settings MongoClientSettings{readPreference=primary, writeConcern=WriteConcern{w=null, wTimeout=null ms, journal=null}, retryWrites=true, retryReads=true, readConcern=ReadConcern{level=null}, credential=MongoCredential{mechanism=null, userName='harshnagar3006', source='admin', password=<hidden>, mechanismProperties=<hidden>}, transportSettings=null, commandListeners=[], codecRegistry=ProvidersCodecRegistry{codecProviders=[ValueCodecProvider{}, BsonValueCodecProvider{}, DBRefCodecProvider{}, DBObjectCodecProvider{}, DocumentCodecProvider{}, CollectionCodecProvider{}, IterableCodecProvider{}, MapCodecProvider{}, GeoJsonCodecProvider{}, GridFSFileCodecProvider{}, Jsr310CodecProvider{}, JsonObjectCodecProvider{}, BsonCodecProvider{}, EnumCodecProvider{}, com.mongodb.client.model.mql.ExpressionCodecProvider@64f981e2, com.mongodb.Jep395RecordCodecProvider@361abd01, com.mongodb.KotlinCodecProvider@575b5f7d]}, loggerSettings=LoggerSettings{maxDocumentLength=1000}, clusterSettings={hosts=[127.0.0.1:27017], srvHost=cluster0.kt8elr1.mongodb.net, srvServiceName=mongodb, mode=MULTIPLE, requiredClusterType=REPLICA_SET, requiredReplicaSetName='atlas-svdjxw-shard-0', serverSelector='null', clusterListeners='[]', serverSelectionTimeout='30000 ms', localThreshold='15 ms'}, socketSettings=SocketSettings{connectTimeoutMS=10000, readTimeoutMS=0, receiveBufferSize=0, proxySettings=ProxySettings{host=null, port=null, username=null, password=null}}, heartbeatSocketSettings=SocketSettings{connectTimeoutMS=10000, readTimeoutMS=10000, receiveBufferSize=0, proxySettings=ProxySettings{host=null, port=null, username=null, password=null}}, connectionPoolSettings=ConnectionPoolSettings{maxSize=100, minSize=0, maxWaitTimeMS=120000, maxConnectionLifeTimeMS=0, maxConnectionIdleTimeMS=0, maintenanceInitialDelayMS=0, maintenanceFrequencyMS=60000, connectionPoolListeners=[], maxConnecting=2}, serverSettings=ServerSettings{heartbeatFrequencyMS=10000, minHeartbeatFrequencyMS=500, serverListeners='[]', serverMonitorListeners='[]'}, sslSettings=SslSettings{enabled=true, invalidHostNameAllowed=false, context=null}, applicationName='null', compressorList=[], uuidRepresentation=JAVA_LEGACY, serverApi=null, autoEncryptionSettings=null, dnsClient=null, inetAddressResolver=null, contextProvider=null}
2024-05-30T12:43:43.822+05:30  INFO 3837 --- [cluster-ClusterId{value='665827270391ee742fc380b2', description='null'}-srv-cluster0.kt8elr1.mongodb.net] org.mongodb.driver.cluster               : Adding discovered server ac-jdfy7hx-shard-00-00.kt8elr1.mongodb.net:27017 to client view of cluster
2024-05-30T12:43:43.832+05:30  INFO 3837 --- [cluster-ClusterId{value='665827270391ee742fc380b2', description='null'}-srv-cluster0.kt8elr1.mongodb.net] org.mongodb.driver.cluster               : Adding discovered server ac-jdfy7hx-shard-00-02.kt8elr1.mongodb.net:27017 to client view of cluster
2024-05-30T12:43:43.833+05:30  INFO 3837 --- [cluster-ClusterId{value='665827270391ee742fc380b2', description='null'}-srv-cluster0.kt8elr1.mongodb.net] org.mongodb.driver.cluster               : Adding discovered server ac-jdfy7hx-shard-00-01.kt8elr1.mongodb.net:27017 to client view of cluster
2024-05-30T12:43:44.141+05:30  INFO 3837 --- [main] o.s.b.w.embedded.tomcat.TomcatWebServer  : Tomcat started on port 8080 (http) with context path '/'
2024-05-30T12:43:44.147+05:30  INFO 3837 --- [main] com.moviedemo.movies.MoviesApplication   : Started MoviesApplication in 1.309 seconds (process running for 1.53)
2024-05-30T12:43:44.206+05:30  INFO 3837 --- [cluster-ClusterId{value='665827270391ee742fc380b2', description='null'}-ac-jdfy7hx-shard-00-02.kt8elr1.mongodb.net:27017] org.mongodb.driver.cluster               : Monitor thread successfully connected to server with description ServerDescription{address=ac-jdfy7hx-shard-00-02.kt8elr1.mongodb.net:27017, type=REPLICA_SET_PRIMARY, state=CONNECTED, ok=true, minWireVersion=0, maxWireVersion=21, maxDocumentSize=16777216, logicalSessionTimeoutMinutes=30, roundTripTimeNanos=224243291, setName='atlas-svdjxw-shard-0', canonicalAddress=ac-jdfy7hx-shard-00-02.kt8elr1.mongodb.net:27017, hosts=[ac-jdfy7hx-shard-00-02.kt8elr1.mongodb.net:27017, ac-jdfy7hx-shard-00-01.kt8elr1.mongodb.net:27017, ac-jdfy7hx-shard-00-00.kt8elr1.mongodb.net:27017], passives=[], arbiters=[], primary='ac-jdfy7hx-shard-00-02.kt8elr1.mongodb.net:27017', tagSet=TagSet{[Tag{name='availabilityZone', value='aps1-az2'}, Tag{name='diskState', value='READY'}, Tag{name='nodeType', value='ELECTABLE'}, Tag{name='provider', value='AWS'}, Tag{name='region', value='AP_SOUTH_1'}, Tag{name='workloadType', value='OPERATIONAL'}]}, electionId=7fffffff0000000000000027, setVersion=19, topologyVersion=TopologyVersion{processId=66577cb2cfca5d2e889a82b2, counter=6}, lastWriteDate=Thu May 30 12:43:44 IST 2024, lastUpdateTimeNanos=22275101680750}
2024-05-30T12:43:44.206+05:30  INFO 3837 --- [cluster-ClusterId{value='665827270391ee742fc380b2', description='null'}-ac-jdfy7hx-shard-00-00.kt8elr1.mongodb.net:27017] org.mongodb.driver.cluster               : Monitor thread successfully connected to server with description ServerDescription{address=ac-jdfy7hx-shard-00-00.kt8elr1.mongodb.net:27017, type=REPLICA_SET_SECONDARY, state=CONNECTED, ok=true, minWireVersion=0, maxWireVersion=21, maxDocumentSize=16777216, logicalSessionTimeoutMinutes=30, roundTripTimeNanos=221463084, setName='atlas-svdjxw-shard-0', canonicalAddress=ac-jdfy7hx-shard-00-00.kt8elr1.mongodb.net:27017, hosts=[ac-jdfy7hx-shard-00-02.kt8elr1.mongodb.net:27017, ac-jdfy7hx-shard-00-01.kt8elr1.mongodb.net:27017, ac-jdfy7hx-shard-00-00.kt8elr1.mongodb.net:27017], passives=[], arbiters=[], primary='ac-jdfy7hx-shard-00-02.kt8elr1.mongodb.net:27017', tagSet=TagSet{[Tag{name='availabilityZone', value='aps1-az1'}, Tag{name='diskState', value='READY'}, Tag{name='nodeType', value='ELECTABLE'}, Tag{name='provider', value='AWS'}, Tag{name='region', value='AP_SOUTH_1'}, Tag{name='workloadType', value='OPERATIONAL'}]}, electionId=null, setVersion=19, topologyVersion=TopologyVersion{processId=66577c5fda056ee24cbf1045, counter=4}, lastWriteDate=Thu May 30 12:43:44 IST 2024, lastUpdateTimeNanos=22275102906416}
2024-05-30T12:43:44.208+05:30  INFO 3837 --- [cluster-ClusterId{value='665827270391ee742fc380b2', description='null'}-ac-jdfy7hx-shard-00-02.kt8elr1.mongodb.net:27017] org.mongodb.driver.cluster               : Discovered replica set primary ac-jdfy7hx-shard-00-02.kt8elr1.mongodb.net:27017 with max election id 7fffffff0000000000000027 and max set version 19
2024-05-30T12:43:45.133+05:30  INFO 3837 --- [cluster-ClusterId{value='665827270391ee742fc380b2', description='null'}-ac-jdfy7hx-shard-00-01.kt8elr1.mongodb.net:27017] org.mongodb.driver.cluster               : Monitor thread successfully connected to server with description ServerDescription{address=ac-jdfy7hx-shard-00-01.kt8elr1.mongodb.net:27017, type=REPLICA_SET_SECONDARY, state=CONNECTED, ok=true, minWireVersion=0, maxWireVersion=21, maxDocumentSize=16777216, logicalSessionTimeoutMinutes=30, roundTripTimeNanos=86767958, setName='atlas-svdjxw-shard-0', canonicalAddress=ac-jdfy7hx-shard-00-01.kt8elr1.mongodb.net:27017, hosts=[ac-jdfy7hx-shard-00-02.kt8elr1.mongodb.net:27017, ac-jdfy7hx-shard-00-01.kt8elr1.mongodb.net:27017, ac-jdfy7hx-shard-00-00.kt8elr1.mongodb.net:27017], passives=[], arbiters=[], primary='ac-jdfy7hx-shard-00-02.kt8elr1.mongodb.net:27017', tagSet=TagSet{[Tag{name='availabilityZone', value='aps1-az3'}, Tag{name='diskState', value='READY'}, Tag{name='nodeType', value='ELECTABLE'}, Tag{name='provider', value='AWS'}, Tag{name='region', value='AP_SOUTH_1'}, Tag{name='workloadType', value='OPERATIONAL'}]}, electionId=null, setVersion=19, topologyVersion=TopologyVersion{processId=66577d05f144297a1cfab45e, counter=3}, lastWriteDate=Thu May 30 12:43:45 IST 2024, lastUpdateTimeNanos=22276031138125}
2024-05-30T12:43:50.578+05:30  INFO 3837 --- [http-nio-8080-exec-1] o.a.c.c.C.[Tomcat].[localhost].[/]       : Initializing Spring DispatcherServlet 'dispatcherServlet'
2024-05-30T12:43:50.579+05:30  INFO 3837 --- [http-nio-8080-exec-1] o.s.web.servlet.DispatcherServlet        : Initializing Servlet 'dispatcherServlet'
2024-05-30T12:43:50.581+05:30  INFO 3837 --- [http-nio-8080-exec-1] o.s.web.servlet.DispatcherServlet        : Completed initialization in 2 ms
2024-05-30T13:06:38.930+05:30  INFO 3837 --- [cluster-ClusterId{value='665827270391ee742fc380b2', description='null'}-ac-jdfy7hx-shard-00-02.kt8elr1.mongodb.net:27017] org.mongodb.driver.cluster               : Exception in monitor thread while connecting to server ac-jdfy7hx-shard-00-02.kt8elr1.mongodb.net:27017

com.mongodb.MongoSocketReadTimeoutException: Timeout while receiving message
	at com.mongodb.internal.connection.InternalStreamConnection.translateReadException(InternalStreamConnection.java:705) ~[mongodb-driver-core-5.0.1.jar:na]
	at com.mongodb.internal.connection.InternalStreamConnection.receiveMessageWithAdditionalTimeout(InternalStreamConnection.java:583) ~[mongodb-driver-core-5.0.1.jar:na]
	at com.mongodb.internal.connection.InternalStreamConnection.receiveCommandMessageResponse(InternalStreamConnection.java:428) ~[mongodb-driver-core-5.0.1.jar:na]
	at com.mongodb.internal.connection.InternalStreamConnection.receive(InternalStreamConnection.java:381) ~[mongodb-driver-core-5.0.1.jar:na]
	at com.mongodb.internal.connection.DefaultServerMonitor$ServerMonitorRunnable.lookupServerDescription(DefaultServerMonitor.java:221) ~[mongodb-driver-core-5.0.1.jar:na]
	at com.mongodb.internal.connection.DefaultServerMonitor$ServerMonitorRunnable.run(DefaultServerMonitor.java:153) ~[mongodb-driver-core-5.0.1.jar:na]
	at java.base/java.lang.Thread.run(Thread.java:1570) ~[na:na]
Caused by: java.net.SocketTimeoutException: Read timed out
	at java.base/sun.nio.ch.NioSocketImpl.timedRead(NioSocketImpl.java:278) ~[na:na]
	at java.base/sun.nio.ch.NioSocketImpl.implRead(NioSocketImpl.java:304) ~[na:na]
	at java.base/sun.nio.ch.NioSocketImpl.read(NioSocketImpl.java:346) ~[na:na]
	at java.base/sun.nio.ch.NioSocketImpl$1.read(NioSocketImpl.java:796) ~[na:na]
	at java.base/java.net.Socket$SocketInputStream.implRead(Socket.java:1108) ~[na:na]
	at java.base/java.net.Socket$SocketInputStream.read(Socket.java:1095) ~[na:na]
	at java.base/sun.security.ssl.SSLSocketInputRecord.read(SSLSocketInputRecord.java:489) ~[na:na]
	at java.base/sun.security.ssl.SSLSocketInputRecord.readHeader(SSLSocketInputRecord.java:483) ~[na:na]
	at java.base/sun.security.ssl.SSLSocketInputRecord.bytesInCompletePacket(SSLSocketInputRecord.java:70) ~[na:na]
	at java.base/sun.security.ssl.SSLSocketImpl.readApplicationRecord(SSLSocketImpl.java:1462) ~[na:na]
	at java.base/sun.security.ssl.SSLSocketImpl$AppInputStream.read(SSLSocketImpl.java:1068) ~[na:na]
	at com.mongodb.internal.connection.SocketStream.read(SocketStream.java:176) ~[mongodb-driver-core-5.0.1.jar:na]
	at com.mongodb.internal.connection.SocketStream.read(SocketStream.java:196) ~[mongodb-driver-core-5.0.1.jar:na]
	at com.mongodb.internal.connection.InternalStreamConnection.receiveResponseBuffers(InternalStreamConnection.java:716) ~[mongodb-driver-core-5.0.1.jar:na]
	at com.mongodb.internal.connection.InternalStreamConnection.receiveMessageWithAdditionalTimeout(InternalStreamConnection.java:580) ~[mongodb-driver-core-5.0.1.jar:na]
	... 5 common frames omitted

2024-05-30T13:06:38.930+05:30  INFO 3837 --- [cluster-ClusterId{value='665827270391ee742fc380b2', description='null'}-ac-jdfy7hx-shard-00-00.kt8elr1.mongodb.net:27017] org.mongodb.driver.cluster               : Exception in monitor thread while connecting to server ac-jdfy7hx-shard-00-00.kt8elr1.mongodb.net:27017

com.mongodb.MongoSocketReadTimeoutException: Timeout while receiving message
	at com.mongodb.internal.connection.InternalStreamConnection.translateReadException(InternalStreamConnection.java:705) ~[mongodb-driver-core-5.0.1.jar:na]
	at com.mongodb.internal.connection.InternalStreamConnection.receiveMessageWithAdditionalTimeout(InternalStreamConnection.java:583) ~[mongodb-driver-core-5.0.1.jar:na]
	at com.mongodb.internal.connection.InternalStreamConnection.receiveCommandMessageResponse(InternalStreamConnection.java:428) ~[mongodb-driver-core-5.0.1.jar:na]
	at com.mongodb.internal.connection.InternalStreamConnection.receive(InternalStreamConnection.java:381) ~[mongodb-driver-core-5.0.1.jar:na]
	at com.mongodb.internal.connection.DefaultServerMonitor$ServerMonitorRunnable.lookupServerDescription(DefaultServerMonitor.java:221) ~[mongodb-driver-core-5.0.1.jar:na]
	at com.mongodb.internal.connection.DefaultServerMonitor$ServerMonitorRunnable.run(DefaultServerMonitor.java:153) ~[mongodb-driver-core-5.0.1.jar:na]
	at java.base/java.lang.Thread.run(Thread.java:1570) ~[na:na]
Caused by: java.net.SocketTimeoutException: Read timed out
	at java.base/sun.nio.ch.NioSocketImpl.timedRead(NioSocketImpl.java:278) ~[na:na]
	at java.base/sun.nio.ch.NioSocketImpl.implRead(NioSocketImpl.java:304) ~[na:na]
	at java.base/sun.nio.ch.NioSocketImpl.read(NioSocketImpl.java:346) ~[na:na]
	at java.base/sun.nio.ch.NioSocketImpl$1.read(NioSocketImpl.java:796) ~[na:na]
	at java.base/java.net.Socket$SocketInputStream.implRead(Socket.java:1108) ~[na:na]
	at java.base/java.net.Socket$SocketInputStream.read(Socket.java:1095) ~[na:na]
	at java.base/sun.security.ssl.SSLSocketInputRecord.read(SSLSocketInputRecord.java:489) ~[na:na]
	at java.base/sun.security.ssl.SSLSocketInputRecord.readHeader(SSLSocketInputRecord.java:483) ~[na:na]
	at java.base/sun.security.ssl.SSLSocketInputRecord.bytesInCompletePacket(SSLSocketInputRecord.java:70) ~[na:na]
	at java.base/sun.security.ssl.SSLSocketImpl.readApplicationRecord(SSLSocketImpl.java:1462) ~[na:na]
	at java.base/sun.security.ssl.SSLSocketImpl$AppInputStream.read(SSLSocketImpl.java:1068) ~[na:na]
	at com.mongodb.internal.connection.SocketStream.read(SocketStream.java:176) ~[mongodb-driver-core-5.0.1.jar:na]
	at com.mongodb.internal.connection.SocketStream.read(SocketStream.java:196) ~[mongodb-driver-core-5.0.1.jar:na]
	at com.mongodb.internal.connection.InternalStreamConnection.receiveResponseBuffers(InternalStreamConnection.java:716) ~[mongodb-driver-core-5.0.1.jar:na]
	at com.mongodb.internal.connection.InternalStreamConnection.receiveMessageWithAdditionalTimeout(InternalStreamConnection.java:580) ~[mongodb-driver-core-5.0.1.jar:na]
	... 5 common frames omitted

2024-05-30T13:06:39.081+05:30  INFO 3837 --- [cluster-ClusterId{value='665827270391ee742fc380b2', description='null'}-ac-jdfy7hx-shard-00-02.kt8elr1.mongodb.net:27017] org.mongodb.driver.cluster               : Monitor thread successfully connected to server with description ServerDescription{address=ac-jdfy7hx-shard-00-02.kt8elr1.mongodb.net:27017, type=REPLICA_SET_PRIMARY, state=CONNECTED, ok=true, minWireVersion=0, maxWireVersion=21, maxDocumentSize=16777216, logicalSessionTimeoutMinutes=30, roundTripTimeNanos=76305459, setName='atlas-svdjxw-shard-0', canonicalAddress=ac-jdfy7hx-shard-00-02.kt8elr1.mongodb.net:27017, hosts=[ac-jdfy7hx-shard-00-02.kt8elr1.mongodb.net:27017, ac-jdfy7hx-shard-00-01.kt8elr1.mongodb.net:27017, ac-jdfy7hx-shard-00-00.kt8elr1.mongodb.net:27017], passives=[], arbiters=[], primary='ac-jdfy7hx-shard-00-02.kt8elr1.mongodb.net:27017', tagSet=TagSet{[Tag{name='availabilityZone', value='aps1-az2'}, Tag{name='diskState', value='READY'}, Tag{name='nodeType', value='ELECTABLE'}, Tag{name='provider', value='AWS'}, Tag{name='region', value='AP_SOUTH_1'}, Tag{name='workloadType', value='OPERATIONAL'}]}, electionId=7fffffff0000000000000027, setVersion=19, topologyVersion=TopologyVersion{processId=66577cb2cfca5d2e889a82b2, counter=6}, lastWriteDate=Thu May 30 13:06:38 IST 2024, lastUpdateTimeNanos=22615661518708}
2024-05-30T13:06:39.082+05:30  INFO 3837 --- [cluster-ClusterId{value='665827270391ee742fc380b2', description='null'}-ac-jdfy7hx-shard-00-02.kt8elr1.mongodb.net:27017] org.mongodb.driver.cluster               : Discovered replica set primary ac-jdfy7hx-shard-00-02.kt8elr1.mongodb.net:27017 with max election id 7fffffff0000000000000027 and max set version 19
2024-05-30T13:06:39.097+05:30  INFO 3837 --- [cluster-ClusterId{value='665827270391ee742fc380b2', description='null'}-ac-jdfy7hx-shard-00-00.kt8elr1.mongodb.net:27017] org.mongodb.driver.cluster               : Monitor thread successfully connected to server with description ServerDescription{address=ac-jdfy7hx-shard-00-00.kt8elr1.mongodb.net:27017, type=REPLICA_SET_SECONDARY, state=CONNECTED, ok=true, minWireVersion=0, maxWireVersion=21, maxDocumentSize=16777216, logicalSessionTimeoutMinutes=30, roundTripTimeNanos=86859208, setName='atlas-svdjxw-shard-0', canonicalAddress=ac-jdfy7hx-shard-00-00.kt8elr1.mongodb.net:27017, hosts=[ac-jdfy7hx-shard-00-02.kt8elr1.mongodb.net:27017, ac-jdfy7hx-shard-00-01.kt8elr1.mongodb.net:27017, ac-jdfy7hx-shard-00-00.kt8elr1.mongodb.net:27017], passives=[], arbiters=[], primary='ac-jdfy7hx-shard-00-02.kt8elr1.mongodb.net:27017', tagSet=TagSet{[Tag{name='availabilityZone', value='aps1-az1'}, Tag{name='diskState', value='READY'}, Tag{name='nodeType', value='ELECTABLE'}, Tag{name='provider', value='AWS'}, Tag{name='region', value='AP_SOUTH_1'}, Tag{name='workloadType', value='OPERATIONAL'}]}, electionId=null, setVersion=19, topologyVersion=TopologyVersion{processId=66577c5fda056ee24cbf1045, counter=4}, lastWriteDate=Thu May 30 13:06:38 IST 2024, lastUpdateTimeNanos=22615677241416}
2024-05-30T13:06:39.847+05:30  INFO 3837 --- [cluster-ClusterId{value='665827270391ee742fc380b2', description='null'}-ac-jdfy7hx-shard-00-01.kt8elr1.mongodb.net:27017] org.mongodb.driver.cluster               : Exception in monitor thread while connecting to server ac-jdfy7hx-shard-00-01.kt8elr1.mongodb.net:27017

com.mongodb.MongoSocketReadTimeoutException: Timeout while receiving message
	at com.mongodb.internal.connection.InternalStreamConnection.translateReadException(InternalStreamConnection.java:705) ~[mongodb-driver-core-5.0.1.jar:na]
	at com.mongodb.internal.connection.InternalStreamConnection.receiveMessageWithAdditionalTimeout(InternalStreamConnection.java:583) ~[mongodb-driver-core-5.0.1.jar:na]
	at com.mongodb.internal.connection.InternalStreamConnection.receiveCommandMessageResponse(InternalStreamConnection.java:428) ~[mongodb-driver-core-5.0.1.jar:na]
	at com.mongodb.internal.connection.InternalStreamConnection.receive(InternalStreamConnection.java:381) ~[mongodb-driver-core-5.0.1.jar:na]
	at com.mongodb.internal.connection.DefaultServerMonitor$ServerMonitorRunnable.lookupServerDescription(DefaultServerMonitor.java:221) ~[mongodb-driver-core-5.0.1.jar:na]
	at com.mongodb.internal.connection.DefaultServerMonitor$ServerMonitorRunnable.run(DefaultServerMonitor.java:153) ~[mongodb-driver-core-5.0.1.jar:na]
	at java.base/java.lang.Thread.run(Thread.java:1570) ~[na:na]
Caused by: java.net.SocketTimeoutException: Read timed out
	at java.base/sun.nio.ch.NioSocketImpl.timedRead(NioSocketImpl.java:278) ~[na:na]
	at java.base/sun.nio.ch.NioSocketImpl.implRead(NioSocketImpl.java:304) ~[na:na]
	at java.base/sun.nio.ch.NioSocketImpl.read(NioSocketImpl.java:346) ~[na:na]
	at java.base/sun.nio.ch.NioSocketImpl$1.read(NioSocketImpl.java:796) ~[na:na]
	at java.base/java.net.Socket$SocketInputStream.implRead(Socket.java:1108) ~[na:na]
	at java.base/java.net.Socket$SocketInputStream.read(Socket.java:1095) ~[na:na]
	at java.base/sun.security.ssl.SSLSocketInputRecord.read(SSLSocketInputRecord.java:489) ~[na:na]
	at java.base/sun.security.ssl.SSLSocketInputRecord.readHeader(SSLSocketInputRecord.java:483) ~[na:na]
	at java.base/sun.security.ssl.SSLSocketInputRecord.bytesInCompletePacket(SSLSocketInputRecord.java:70) ~[na:na]
	at java.base/sun.security.ssl.SSLSocketImpl.readApplicationRecord(SSLSocketImpl.java:1462) ~[na:na]
	at java.base/sun.security.ssl.SSLSocketImpl$AppInputStream.read(SSLSocketImpl.java:1068) ~[na:na]
	at com.mongodb.internal.connection.SocketStream.read(SocketStream.java:176) ~[mongodb-driver-core-5.0.1.jar:na]
	at com.mongodb.internal.connection.SocketStream.read(SocketStream.java:196) ~[mongodb-driver-core-5.0.1.jar:na]
	at com.mongodb.internal.connection.InternalStreamConnection.receiveResponseBuffers(InternalStreamConnection.java:716) ~[mongodb-driver-core-5.0.1.jar:na]
	at com.mongodb.internal.connection.InternalStreamConnection.receiveMessageWithAdditionalTimeout(InternalStreamConnection.java:580) ~[mongodb-driver-core-5.0.1.jar:na]
	... 5 common frames omitted

2024-05-30T13:06:39.995+05:30  INFO 3837 --- [cluster-ClusterId{value='665827270391ee742fc380b2', description='null'}-ac-jdfy7hx-shard-00-01.kt8elr1.mongodb.net:27017] org.mongodb.driver.cluster               : Monitor thread successfully connected to server with description ServerDescription{address=ac-jdfy7hx-shard-00-01.kt8elr1.mongodb.net:27017, type=REPLICA_SET_SECONDARY, state=CONNECTED, ok=true, minWireVersion=0, maxWireVersion=21, maxDocumentSize=16777216, logicalSessionTimeoutMinutes=30, roundTripTimeNanos=84942959, setName='atlas-svdjxw-shard-0', canonicalAddress=ac-jdfy7hx-shard-00-01.kt8elr1.mongodb.net:27017, hosts=[ac-jdfy7hx-shard-00-02.kt8elr1.mongodb.net:27017, ac-jdfy7hx-shard-00-01.kt8elr1.mongodb.net:27017, ac-jdfy7hx-shard-00-00.kt8elr1.mongodb.net:27017], passives=[], arbiters=[], primary='ac-jdfy7hx-shard-00-02.kt8elr1.mongodb.net:27017', tagSet=TagSet{[Tag{name='availabilityZone', value='aps1-az3'}, Tag{name='diskState', value='READY'}, Tag{name='nodeType', value='ELECTABLE'}, Tag{name='provider', value='AWS'}, Tag{name='region', value='AP_SOUTH_1'}, Tag{name='workloadType', value='OPERATIONAL'}]}, electionId=null, setVersion=19, topologyVersion=TopologyVersion{processId=66577d05f144297a1cfab45e, counter=3}, lastWriteDate=Thu May 30 13:06:39 IST 2024, lastUpdateTimeNanos=22616575220666}
2024-05-30T13:11:33.177+05:30  INFO 3837 --- [cluster-ClusterId{value='665827270391ee742fc380b2', description='null'}-ac-jdfy7hx-shard-00-00.kt8elr1.mongodb.net:27017] org.mongodb.driver.cluster               : Exception in monitor thread while connecting to server ac-jdfy7hx-shard-00-00.kt8elr1.mongodb.net:27017

com.mongodb.MongoSocketReadTimeoutException: Timeout while receiving message
	at com.mongodb.internal.connection.InternalStreamConnection.translateReadException(InternalStreamConnection.java:705) ~[mongodb-driver-core-5.0.1.jar:na]
	at com.mongodb.internal.connection.InternalStreamConnection.receiveMessageWithAdditionalTimeout(InternalStreamConnection.java:583) ~[mongodb-driver-core-5.0.1.jar:na]
	at com.mongodb.internal.connection.InternalStreamConnection.receiveCommandMessageResponse(InternalStreamConnection.java:428) ~[mongodb-driver-core-5.0.1.jar:na]
	at com.mongodb.internal.connection.InternalStreamConnection.receive(InternalStreamConnection.java:381) ~[mongodb-driver-core-5.0.1.jar:na]
	at com.mongodb.internal.connection.DefaultServerMonitor$ServerMonitorRunnable.lookupServerDescription(DefaultServerMonitor.java:221) ~[mongodb-driver-core-5.0.1.jar:na]
	at com.mongodb.internal.connection.DefaultServerMonitor$ServerMonitorRunnable.run(DefaultServerMonitor.java:153) ~[mongodb-driver-core-5.0.1.jar:na]
	at java.base/java.lang.Thread.run(Thread.java:1570) ~[na:na]
Caused by: java.net.SocketTimeoutException: Read timed out
	at java.base/sun.nio.ch.NioSocketImpl.timedRead(NioSocketImpl.java:278) ~[na:na]
	at java.base/sun.nio.ch.NioSocketImpl.implRead(NioSocketImpl.java:304) ~[na:na]
	at java.base/sun.nio.ch.NioSocketImpl.read(NioSocketImpl.java:346) ~[na:na]
	at java.base/sun.nio.ch.NioSocketImpl$1.read(NioSocketImpl.java:796) ~[na:na]
	at java.base/java.net.Socket$SocketInputStream.implRead(Socket.java:1108) ~[na:na]
	at java.base/java.net.Socket$SocketInputStream.read(Socket.java:1095) ~[na:na]
	at java.base/sun.security.ssl.SSLSocketInputRecord.read(SSLSocketInputRecord.java:489) ~[na:na]
	at java.base/sun.security.ssl.SSLSocketInputRecord.readHeader(SSLSocketInputRecord.java:483) ~[na:na]
	at java.base/sun.security.ssl.SSLSocketInputRecord.bytesInCompletePacket(SSLSocketInputRecord.java:70) ~[na:na]
	at java.base/sun.security.ssl.SSLSocketImpl.readApplicationRecord(SSLSocketImpl.java:1462) ~[na:na]
	at java.base/sun.security.ssl.SSLSocketImpl$AppInputStream.read(SSLSocketImpl.java:1068) ~[na:na]
	at com.mongodb.internal.connection.SocketStream.read(SocketStream.java:176) ~[mongodb-driver-core-5.0.1.jar:na]
	at com.mongodb.internal.connection.SocketStream.read(SocketStream.java:196) ~[mongodb-driver-core-5.0.1.jar:na]
	at com.mongodb.internal.connection.InternalStreamConnection.receiveResponseBuffers(InternalStreamConnection.java:716) ~[mongodb-driver-core-5.0.1.jar:na]
	at com.mongodb.internal.connection.InternalStreamConnection.receiveMessageWithAdditionalTimeout(InternalStreamConnection.java:580) ~[mongodb-driver-core-5.0.1.jar:na]
	... 5 common frames omitted

2024-05-30T13:11:33.447+05:30  INFO 3837 --- [cluster-ClusterId{value='665827270391ee742fc380b2', description='null'}-ac-jdfy7hx-shard-00-00.kt8elr1.mongodb.net:27017] org.mongodb.driver.cluster               : Monitor thread successfully connected to server with description ServerDescription{address=ac-jdfy7hx-shard-00-00.kt8elr1.mongodb.net:27017, type=REPLICA_SET_SECONDARY, state=CONNECTED, ok=true, minWireVersion=0, maxWireVersion=21, maxDocumentSize=16777216, logicalSessionTimeoutMinutes=30, roundTripTimeNanos=90528708, setName='atlas-svdjxw-shard-0', canonicalAddress=ac-jdfy7hx-shard-00-00.kt8elr1.mongodb.net:27017, hosts=[ac-jdfy7hx-shard-00-02.kt8elr1.mongodb.net:27017, ac-jdfy7hx-shard-00-01.kt8elr1.mongodb.net:27017, ac-jdfy7hx-shard-00-00.kt8elr1.mongodb.net:27017], passives=[], arbiters=[], primary='ac-jdfy7hx-shard-00-02.kt8elr1.mongodb.net:27017', tagSet=TagSet{[Tag{name='availabilityZone', value='aps1-az1'}, Tag{name='diskState', value='READY'}, Tag{name='nodeType', value='ELECTABLE'}, Tag{name='provider', value='AWS'}, Tag{name='region', value='AP_SOUTH_1'}, Tag{name='workloadType', value='OPERATIONAL'}]}, electionId=null, setVersion=19, topologyVersion=TopologyVersion{processId=66577c5fda056ee24cbf1045, counter=4}, lastWriteDate=Thu May 30 13:11:33 IST 2024, lastUpdateTimeNanos=22635990512000}
2024-05-30T13:11:43.121+05:30  INFO 3837 --- [cluster-ClusterId{value='665827270391ee742fc380b2', description='null'}-ac-jdfy7hx-shard-00-02.kt8elr1.mongodb.net:27017] org.mongodb.driver.cluster               : Exception in monitor thread while connecting to server ac-jdfy7hx-shard-00-02.kt8elr1.mongodb.net:27017

com.mongodb.MongoSocketReadTimeoutException: Timeout while receiving message
	at com.mongodb.internal.connection.InternalStreamConnection.translateReadException(InternalStreamConnection.java:705) ~[mongodb-driver-core-5.0.1.jar:na]
	at com.mongodb.internal.connection.InternalStreamConnection.receiveMessageWithAdditionalTimeout(InternalStreamConnection.java:583) ~[mongodb-driver-core-5.0.1.jar:na]
	at com.mongodb.internal.connection.InternalStreamConnection.receiveCommandMessageResponse(InternalStreamConnection.java:428) ~[mongodb-driver-core-5.0.1.jar:na]
	at com.mongodb.internal.connection.InternalStreamConnection.receive(InternalStreamConnection.java:381) ~[mongodb-driver-core-5.0.1.jar:na]
	at com.mongodb.internal.connection.DefaultServerMonitor$ServerMonitorRunnable.lookupServerDescription(DefaultServerMonitor.java:221) ~[mongodb-driver-core-5.0.1.jar:na]
	at com.mongodb.internal.connection.DefaultServerMonitor$ServerMonitorRunnable.run(DefaultServerMonitor.java:153) ~[mongodb-driver-core-5.0.1.jar:na]
	at java.base/java.lang.Thread.run(Thread.java:1570) ~[na:na]
Caused by: java.net.SocketTimeoutException: Read timed out
	at java.base/sun.nio.ch.NioSocketImpl.timedRead(NioSocketImpl.java:278) ~[na:na]
	at java.base/sun.nio.ch.NioSocketImpl.implRead(NioSocketImpl.java:304) ~[na:na]
	at java.base/sun.nio.ch.NioSocketImpl.read(NioSocketImpl.java:346) ~[na:na]
	at java.base/sun.nio.ch.NioSocketImpl$1.read(NioSocketImpl.java:796) ~[na:na]
	at java.base/java.net.Socket$SocketInputStream.implRead(Socket.java:1108) ~[na:na]
	at java.base/java.net.Socket$SocketInputStream.read(Socket.java:1095) ~[na:na]
	at java.base/sun.security.ssl.SSLSocketInputRecord.read(SSLSocketInputRecord.java:489) ~[na:na]
	at java.base/sun.security.ssl.SSLSocketInputRecord.readHeader(SSLSocketInputRecord.java:483) ~[na:na]
	at java.base/sun.security.ssl.SSLSocketInputRecord.bytesInCompletePacket(SSLSocketInputRecord.java:70) ~[na:na]
	at java.base/sun.security.ssl.SSLSocketImpl.readApplicationRecord(SSLSocketImpl.java:1462) ~[na:na]
	at java.base/sun.security.ssl.SSLSocketImpl$AppInputStream.read(SSLSocketImpl.java:1068) ~[na:na]
	at com.mongodb.internal.connection.SocketStream.read(SocketStream.java:176) ~[mongodb-driver-core-5.0.1.jar:na]
	at com.mongodb.internal.connection.SocketStream.read(SocketStream.java:196) ~[mongodb-driver-core-5.0.1.jar:na]
	at com.mongodb.internal.connection.InternalStreamConnection.receiveResponseBuffers(InternalStreamConnection.java:716) ~[mongodb-driver-core-5.0.1.jar:na]
	at com.mongodb.internal.connection.InternalStreamConnection.receiveMessageWithAdditionalTimeout(InternalStreamConnection.java:580) ~[mongodb-driver-core-5.0.1.jar:na]
	... 5 common frames omitted

2024-05-30T13:11:43.386+05:30  INFO 3837 --- [cluster-ClusterId{value='665827270391ee742fc380b2', description='null'}-ac-jdfy7hx-shard-00-02.kt8elr1.mongodb.net:27017] org.mongodb.driver.cluster               : Monitor thread successfully connected to server with description ServerDescription{address=ac-jdfy7hx-shard-00-02.kt8elr1.mongodb.net:27017, type=REPLICA_SET_PRIMARY, state=CONNECTED, ok=true, minWireVersion=0, maxWireVersion=21, maxDocumentSize=16777216, logicalSessionTimeoutMinutes=30, roundTripTimeNanos=108700083, setName='atlas-svdjxw-shard-0', canonicalAddress=ac-jdfy7hx-shard-00-02.kt8elr1.mongodb.net:27017, hosts=[ac-jdfy7hx-shard-00-02.kt8elr1.mongodb.net:27017, ac-jdfy7hx-shard-00-01.kt8elr1.mongodb.net:27017, ac-jdfy7hx-shard-00-00.kt8elr1.mongodb.net:27017], passives=[], arbiters=[], primary='ac-jdfy7hx-shard-00-02.kt8elr1.mongodb.net:27017', tagSet=TagSet{[Tag{name='availabilityZone', value='aps1-az2'}, Tag{name='diskState', value='READY'}, Tag{name='nodeType', value='ELECTABLE'}, Tag{name='provider', value='AWS'}, Tag{name='region', value='AP_SOUTH_1'}, Tag{name='workloadType', value='OPERATIONAL'}]}, electionId=7fffffff0000000000000027, setVersion=19, topologyVersion=TopologyVersion{processId=66577cb2cfca5d2e889a82b2, counter=6}, lastWriteDate=Thu May 30 13:11:43 IST 2024, lastUpdateTimeNanos=22645930480083}
2024-05-30T13:11:43.388+05:30  INFO 3837 --- [cluster-ClusterId{value='665827270391ee742fc380b2', description='null'}-ac-jdfy7hx-shard-00-02.kt8elr1.mongodb.net:27017] org.mongodb.driver.cluster               : Discovered replica set primary ac-jdfy7hx-shard-00-02.kt8elr1.mongodb.net:27017 with max election id 7fffffff0000000000000027 and max set version 19
2024-05-30T13:11:44.035+05:30  INFO 3837 --- [cluster-ClusterId{value='665827270391ee742fc380b2', description='null'}-ac-jdfy7hx-shard-00-01.kt8elr1.mongodb.net:27017] org.mongodb.driver.cluster               : Exception in monitor thread while connecting to server ac-jdfy7hx-shard-00-01.kt8elr1.mongodb.net:27017

com.mongodb.MongoSocketReadTimeoutException: Timeout while receiving message
	at com.mongodb.internal.connection.InternalStreamConnection.translateReadException(InternalStreamConnection.java:705) ~[mongodb-driver-core-5.0.1.jar:na]
	at com.mongodb.internal.connection.InternalStreamConnection.receiveMessageWithAdditionalTimeout(InternalStreamConnection.java:583) ~[mongodb-driver-core-5.0.1.jar:na]
	at com.mongodb.internal.connection.InternalStreamConnection.receiveCommandMessageResponse(InternalStreamConnection.java:428) ~[mongodb-driver-core-5.0.1.jar:na]
	at com.mongodb.internal.connection.InternalStreamConnection.receive(InternalStreamConnection.java:381) ~[mongodb-driver-core-5.0.1.jar:na]
	at com.mongodb.internal.connection.DefaultServerMonitor$ServerMonitorRunnable.lookupServerDescription(DefaultServerMonitor.java:221) ~[mongodb-driver-core-5.0.1.jar:na]
	at com.mongodb.internal.connection.DefaultServerMonitor$ServerMonitorRunnable.run(DefaultServerMonitor.java:153) ~[mongodb-driver-core-5.0.1.jar:na]
	at java.base/java.lang.Thread.run(Thread.java:1570) ~[na:na]
Caused by: java.net.SocketTimeoutException: Read timed out
	at java.base/sun.nio.ch.NioSocketImpl.timedRead(NioSocketImpl.java:278) ~[na:na]
	at java.base/sun.nio.ch.NioSocketImpl.implRead(NioSocketImpl.java:304) ~[na:na]
	at java.base/sun.nio.ch.NioSocketImpl.read(NioSocketImpl.java:346) ~[na:na]
	at java.base/sun.nio.ch.NioSocketImpl$1.read(NioSocketImpl.java:796) ~[na:na]
	at java.base/java.net.Socket$SocketInputStream.implRead(Socket.java:1108) ~[na:na]
	at java.base/java.net.Socket$SocketInputStream.read(Socket.java:1095) ~[na:na]
	at java.base/sun.security.ssl.SSLSocketInputRecord.read(SSLSocketInputRecord.java:489) ~[na:na]
	at java.base/sun.security.ssl.SSLSocketInputRecord.readHeader(SSLSocketInputRecord.java:483) ~[na:na]
	at java.base/sun.security.ssl.SSLSocketInputRecord.bytesInCompletePacket(SSLSocketInputRecord.java:70) ~[na:na]
	at java.base/sun.security.ssl.SSLSocketImpl.readApplicationRecord(SSLSocketImpl.java:1462) ~[na:na]
	at java.base/sun.security.ssl.SSLSocketImpl$AppInputStream.read(SSLSocketImpl.java:1068) ~[na:na]
	at com.mongodb.internal.connection.SocketStream.read(SocketStream.java:176) ~[mongodb-driver-core-5.0.1.jar:na]
	at com.mongodb.internal.connection.SocketStream.read(SocketStream.java:196) ~[mongodb-driver-core-5.0.1.jar:na]
	at com.mongodb.internal.connection.InternalStreamConnection.receiveResponseBuffers(InternalStreamConnection.java:716) ~[mongodb-driver-core-5.0.1.jar:na]
	at com.mongodb.internal.connection.InternalStreamConnection.receiveMessageWithAdditionalTimeout(InternalStreamConnection.java:580) ~[mongodb-driver-core-5.0.1.jar:na]
	... 5 common frames omitted

2024-05-30T13:11:44.192+05:30  INFO 3837 --- [cluster-ClusterId{value='665827270391ee742fc380b2', description='null'}-ac-jdfy7hx-shard-00-01.kt8elr1.mongodb.net:27017] org.mongodb.driver.cluster               : Monitor thread successfully connected to server with description ServerDescription{address=ac-jdfy7hx-shard-00-01.kt8elr1.mongodb.net:27017, type=REPLICA_SET_SECONDARY, state=CONNECTED, ok=true, minWireVersion=0, maxWireVersion=21, maxDocumentSize=16777216, logicalSessionTimeoutMinutes=30, roundTripTimeNanos=94132667, setName='atlas-svdjxw-shard-0', canonicalAddress=ac-jdfy7hx-shard-00-01.kt8elr1.mongodb.net:27017, hosts=[ac-jdfy7hx-shard-00-02.kt8elr1.mongodb.net:27017, ac-jdfy7hx-shard-00-01.kt8elr1.mongodb.net:27017, ac-jdfy7hx-shard-00-00.kt8elr1.mongodb.net:27017], passives=[], arbiters=[], primary='ac-jdfy7hx-shard-00-02.kt8elr1.mongodb.net:27017', tagSet=TagSet{[Tag{name='availabilityZone', value='aps1-az3'}, Tag{name='diskState', value='READY'}, Tag{name='nodeType', value='ELECTABLE'}, Tag{name='provider', value='AWS'}, Tag{name='region', value='AP_SOUTH_1'}, Tag{name='workloadType', value='OPERATIONAL'}]}, electionId=null, setVersion=19, topologyVersion=TopologyVersion{processId=66577d05f144297a1cfab45e, counter=3}, lastWriteDate=Thu May 30 13:11:43 IST 2024, lastUpdateTimeNanos=22646736601708}
